\BOOKMARK [1][-]{table.caption.1}{\376\377\004\022\004\022\004\025\004\024\004\025\004\035\004\030\004\025}{}% 1
\BOOKMARK [1][-]{section.1}{\376\377\004\040\004\060\004\067\004\100\004\060\004\061\004\076\004\102\004\072\004\060\000\040\004\101\004\102\004\100\004\103\004\072\004\102\004\103\004\100\004\075\004\076\004\071\000\040\004\101\004\105\004\065\004\074\004\113\000\040\004\077\004\100\004\070\004\065\004\074\004\076\000-\004\077\004\065\004\100\004\065\004\064\004\060\004\102\004\107\004\070\004\072\004\060}{}% 2
\BOOKMARK [1][-]{section.2}{\376\377\004\022\004\113\004\061\004\076\004\100\000\040\004\115\004\073\004\065\004\074\004\065\004\075\004\102\004\075\004\076\004\071\000\040\004\061\004\060\004\067\004\113\000\040}{}% 3
\BOOKMARK [2][-]{subsection.2.1}{\376\377\004\020\004\046\004\037}{section.2}% 4
\BOOKMARK [3][-]{subsubsection.2.1.1}{\376\377\004\036\004\077\004\100\004\065\004\064\004\065\004\073\004\065\004\075\004\070\004\065\000\040\004\100\004\060\004\067\004\100\004\117\004\064\004\075\004\076\004\101\004\102\004\070}{subsection.2.1}% 5
\BOOKMARK [3][-]{subsubsection.2.1.2}{\376\377\004\036\004\077\004\100\004\065\004\064\004\065\004\073\004\065\004\075\004\070\004\065\000\040\004\107\004\060\004\101\004\102\004\076\004\102\004\113\000\040\004\064\004\070\004\101\004\072\004\100\004\065\004\102\004\070\004\067\004\060\004\106\004\070\004\070}{subsection.2.1}% 6
\BOOKMARK [3][-]{subsubsection.2.1.3}{\376\377\004\022\004\113\004\061\004\076\004\100\000\040\004\020\004\046\004\037}{subsection.2.1}% 7
\BOOKMARK [3][-]{subsubsection.2.1.4}{\376\377\004\041\004\102\004\060\004\075\004\064\004\060\004\100\004\102\004\075\004\060\004\117\000\040\004\076\004\061\004\062\004\117\004\067\004\072\004\060}{subsection.2.1}% 8
\BOOKMARK [2][-]{subsection.2.2}{\376\377\004\037\004\076\004\075\004\070\004\066\004\060\004\116\004\111\004\070\004\071\000\040\004\101\004\074\004\065\004\101\004\070\004\102\004\065\004\073\004\114}{section.2}% 9
\BOOKMARK [3][-]{subsubsection.2.2.1}{\376\377\004\022\004\113\004\061\004\076\004\100\000\040\004\101\004\074\004\065\004\101\004\070\004\102\004\065\004\073\004\117}{subsection.2.2}% 10
\BOOKMARK [3][-]{subsubsection.2.2.2}{\376\377\004\041\004\102\004\060\004\075\004\064\004\060\004\100\004\102\004\075\004\060\004\117\000\040\004\076\004\061\004\062\004\117\004\067\004\072\004\060}{subsection.2.2}% 11
\BOOKMARK [2][-]{subsection.2.3}{\376\377\004\034\004\060\004\073\004\076\004\110\004\103\004\074\004\117\004\111\004\070\004\071\000\040\004\103\004\101\004\070\004\073\004\070\004\102\004\065\004\073\004\114}{section.2}% 12
\BOOKMARK [3][-]{subsubsection.2.3.1}{\376\377\004\036\004\077\004\100\004\065\004\064\004\065\004\073\004\065\004\075\004\070\004\065\000\040\004\072\004\076\004\115\004\104\000.\000\040\004\103\004\101\004\070\004\073\004\065\004\075\004\070\004\117}{subsection.2.3}% 13
\BOOKMARK [3][-]{subsubsection.2.3.2}{\376\377\004\022\004\113\004\061\004\076\004\100\000\040\004\034\004\050\004\043}{subsection.2.3}% 14
\BOOKMARK [3][-]{subsubsection.2.3.3}{\376\377\004\041\004\102\004\060\004\075\004\064\004\060\004\100\004\102\004\075\004\060\004\117\000\040\004\076\004\061\004\062\004\117\004\067\004\072\004\060}{subsection.2.3}% 15
\BOOKMARK [2][-]{subsection.2.4}{\376\377\004\043\004\101\004\070\004\073\004\070\004\102\004\065\004\073\004\114\000\040\004\077\004\100\004\076\004\074\004\065\004\066\004\103\004\102\004\076\004\107\004\075\004\076\004\071\000\040\004\107\004\060\004\101\004\102\004\076\004\102\004\113}{section.2}% 16
\BOOKMARK [3][-]{subsubsection.2.4.1}{\376\377\004\036\004\077\004\100\004\065\004\064\004\065\004\073\004\065\004\075\004\070\004\065\000\040\004\072\004\076\004\115\004\104\000.\000\040\004\103\004\101\004\070\004\073\004\065\004\075\004\070\004\117}{subsection.2.4}% 17
\BOOKMARK [3][-]{subsubsection.2.4.2}{\376\377\004\022\004\113\004\061\004\076\004\100\000\040\004\043\004\037\004\047}{subsection.2.4}% 18
\BOOKMARK [3][-]{subsubsection.2.4.3}{\376\377\004\041\004\102\004\060\004\075\004\064\004\060\004\100\004\102\004\075\004\060\004\117\000\040\004\076\004\061\004\062\004\117\004\067\004\072\004\060}{subsection.2.4}% 19
\BOOKMARK [2][-]{subsection.2.5}{\376\377\004\046\004\020\004\037}{section.2}% 20
\BOOKMARK [3][-]{subsubsection.2.5.1}{\376\377\004\022\004\113\004\061\004\076\004\100\000\040\004\046\004\020\004\037}{subsection.2.5}% 21
\BOOKMARK [3][-]{subsubsection.2.5.2}{\376\377\004\041\004\102\004\060\004\075\004\064\004\060\004\100\004\102\004\075\004\060\004\117\000\040\004\076\004\061\004\062\004\117\004\067\004\072\004\060}{subsection.2.5}% 22
\BOOKMARK [2][-]{subsection.2.6}{\376\377\004\037\004\076\004\062\004\113\004\110\004\060\004\116\004\111\004\070\004\071\000\040\004\101\004\074\004\065\004\101\004\070\004\102\004\065\004\073\004\114}{section.2}% 23
\BOOKMARK [3][-]{subsubsection.2.6.1}{\376\377\004\041\004\102\004\060\004\075\004\064\004\060\004\100\004\102\004\075\004\060\004\117\000\040\004\076\004\061\004\062\004\117\004\067\004\072\004\060}{subsection.2.6}% 24
\BOOKMARK [2][-]{subsection.2.7}{\376\377\004\036\004\072\004\076\004\075\004\065\004\107\004\075\004\113\004\071\000\040\004\103\004\101\004\070\004\073\004\070\004\102\004\065\004\073\004\114}{section.2}% 25
\BOOKMARK [3][-]{subsubsection.2.7.1}{\376\377\004\036\004\077\004\100\004\065\004\064\004\065\004\073\004\065\004\075\004\070\004\065\000\040\004\072\004\076\004\115\004\104\000.\000\040\004\103\004\101\004\070\004\073\004\065\004\075\004\070\004\117}{subsection.2.7}% 26
\BOOKMARK [3][-]{subsubsection.2.7.2}{\376\377\004\022\004\113\004\061\004\076\004\100\000\040\004\076\004\072\004\076\004\075\004\065\004\107\004\075\004\076\004\063\004\076\000\040\004\103\004\101\004\070\004\073\004\070\004\102\004\065\004\073\004\117}{subsection.2.7}% 27
\BOOKMARK [3][-]{subsubsection.2.7.3}{\376\377\004\041\004\102\004\060\004\075\004\064\004\060\004\100\004\102\004\075\004\060\004\117\000\040\004\076\004\061\004\062\004\117\004\067\004\072\004\060}{subsection.2.7}% 28
\BOOKMARK [2][-]{subsection.2.8}{\376\377\004\023\004\065\004\102\004\065\004\100\004\076\004\064\004\070\004\075}{section.2}% 29
\BOOKMARK [3][-]{subsubsection.2.8.1}{\376\377\004\041\004\102\004\060\004\075\004\064\004\060\004\100\004\102\004\075\004\060\004\117\000\040\004\076\004\061\004\062\004\117\004\067\004\072\004\060}{subsection.2.8}% 30
\BOOKMARK [2][-]{subsection.2.9}{\376\377\004\040\004\060\004\101\004\107\004\121\004\102\000\040\004\104\004\070\004\073\004\114\004\102\004\100\004\076\004\062\000\040\004\037\004\047}{section.2}% 31
\BOOKMARK [3][-]{subsubsection.2.9.1}{\376\377\004\044\004\070\004\073\004\114\004\102\004\100\004\113\000\040\004\062\000\040\004\077\004\100\004\070\004\121\004\074\004\075\004\076\004\074\000\040\004\102\004\100\004\060\004\072\004\102\004\065}{subsection.2.9}% 32
\BOOKMARK [3][-]{subsubsection.2.9.2}{\376\377\004\044\004\070\004\073\004\114\004\102\004\100\004\113\000\040\004\062\000\040\004\102\004\100\004\060\004\072\004\102\004\065\000\040\004\077\004\065\004\100\004\065\004\064\004\060\004\102\004\107\004\070\004\072\004\060}{subsection.2.9}% 33
\BOOKMARK [2][-]{subsection.2.10}{\376\377\004\046\004\065\004\077\004\070\000\040\004\077\004\070\004\102\004\060\004\075\004\070\004\117}{section.2}% 34
\BOOKMARK [3][-]{subsubsection.2.10.1}{\376\377\004\022\004\113\004\061\004\076\004\100\000\040\004\101\004\102\004\060\004\061\004\070\004\073\004\070\004\067\004\060\004\102\004\076\004\100\004\060\000\040\004\075\004\060\004\077\004\100\004\117\004\066\004\065\004\075\004\070\004\117}{subsection.2.10}% 35
\BOOKMARK [3][-]{subsubsection.2.10.2}{\376\377\004\041\004\102\004\060\004\075\004\064\004\060\004\100\004\102\004\075\004\060\004\117\000\040\004\076\004\061\004\062\004\117\004\067\004\072\004\060}{subsection.2.10}% 36
\BOOKMARK [1][-]{section.3}{\376\377\004\022\004\113\004\061\004\076\004\100\000\040\004\072\004\076\004\075\004\101\004\102\004\100\004\103\004\072\004\102\004\070\004\062\004\075\004\113\004\105\000\040\004\100\004\065\004\110\004\065\004\075\004\070\004\071\000\040\004\037\004\037}{}% 37
\BOOKMARK [2][-]{subsection.3.1}{\376\377\004\020\004\075\004\060\004\073\004\076\004\063\004\076\004\062\004\113\004\071\000\040\004\102\004\100\004\060\004\072\004\102}{section.3}% 38
\BOOKMARK [2][-]{subsection.3.2}{\376\377\004\046\004\070\004\104\004\100\004\076\004\062\004\076\004\071\000\040\004\070\004\075\004\102\004\065\004\100\004\104\004\065\004\071\004\101}{section.3}% 39
\BOOKMARK [2][-]{subsection.3.3}{\376\377\004\046\004\065\004\077\004\070\000\040\004\077\004\070\004\102\004\060\004\075\004\070\004\117}{section.3}% 40
\BOOKMARK [2][-]{subsection.3.4}{\376\377\004\036\004\077\004\100\004\065\004\064\004\065\004\073\004\065\004\075\004\070\004\065\000\040\004\072\004\073\004\060\004\101\004\101\004\060\000\040\004\037\004\037}{section.3}% 41
\BOOKMARK [1][-]{figure.caption.28}{\376\377\004\027\004\020\004\032\004\033\004\056\004\047\004\025\004\035\004\030\004\025}{}% 42
\BOOKMARK [1][-]{figure.caption.29}{\376\377\004\041\004\037\004\030\004\041\004\036\004\032\000\040\004\030\004\041\004\037\004\036\004\033\004\054\004\027\004\036\004\022\004\020\004\035\004\035\004\053\004\045\000\040\004\030\004\041\004\042\004\036\004\047\004\035\004\030\004\032\004\036\004\022}{}% 43
\BOOKMARK [1][-]{appendix.A}{\376\377\004\041\004\102\004\100\004\103\004\072\004\102\004\103\004\100\004\075\004\060\004\117\000\040\004\101\004\105\004\065\004\074\004\060\000\040\004\040\004\047\000\040\004\074\004\076\004\064\004\103\004\073\004\117}{}% 44
\BOOKMARK [1][-]{appendix.B}{\376\377\004\041\004\102\004\100\004\103\004\072\004\102\004\103\004\100\004\075\004\060\004\117\000\040\004\101\004\105\004\065\004\074\004\060\000\040\004\037\004\033\004\030\004\041}{}% 45
\BOOKMARK [1][-]{appendix.C}{\376\377\004\037\004\100\004\070\004\075\004\106\004\070\004\077\004\070\004\060\004\073\004\114\004\075\004\060\004\117\000\040\004\101\004\105\004\065\004\074\004\060\000\040\004\037\004\037\004\034}{}% 46
\BOOKMARK [1][-]{appendix.D}{\376\377\000P\000C\000B\000\040\004\101\004\105\004\065\004\074\004\060\000\040\004\037\004\037\004\034}{}% 47
